
2022-10-19 18:30:58 Apache Commons Daemon procrun stderr initialized.
19-Oct-2022 18:31:00.415 INFO [main] org.apache.catalina.startup.VersionLoggerListener.log Server version name:   Apache Tomcat/9.0.54
19-Oct-2022 18:31:00.419 INFO [main] org.apache.catalina.startup.VersionLoggerListener.log Server built:          Sep 28 2021 13:51:49 UTC
19-Oct-2022 18:31:00.419 INFO [main] org.apache.catalina.startup.VersionLoggerListener.log Server version number: 9.0.54.0
19-Oct-2022 18:31:00.419 INFO [main] org.apache.catalina.startup.VersionLoggerListener.log OS Name:               Windows 10
19-Oct-2022 18:31:00.420 INFO [main] org.apache.catalina.startup.VersionLoggerListener.log OS Version:            10.0
19-Oct-2022 18:31:00.420 INFO [main] org.apache.catalina.startup.VersionLoggerListener.log Architecture:          amd64
19-Oct-2022 18:31:00.420 INFO [main] org.apache.catalina.startup.VersionLoggerListener.log Java Home:             C:\Program Files\Java\jdk-11.0.16.1
19-Oct-2022 18:31:00.420 INFO [main] org.apache.catalina.startup.VersionLoggerListener.log JVM Version:           11.0.16.1+1-LTS-1
19-Oct-2022 18:31:00.421 INFO [main] org.apache.catalina.startup.VersionLoggerListener.log JVM Vendor:            Oracle Corporation
19-Oct-2022 18:31:00.421 INFO [main] org.apache.catalina.startup.VersionLoggerListener.log CATALINA_BASE:         C:\Program Files\Apache Software Foundation\Tomcat 9.0
19-Oct-2022 18:31:00.421 INFO [main] org.apache.catalina.startup.VersionLoggerListener.log CATALINA_HOME:         C:\Program Files\Apache Software Foundation\Tomcat 9.0
19-Oct-2022 18:31:00.471 INFO [main] org.apache.catalina.startup.VersionLoggerListener.log Command line argument: -Dcatalina.home=C:\Program Files\Apache Software Foundation\Tomcat 9.0
19-Oct-2022 18:31:00.471 INFO [main] org.apache.catalina.startup.VersionLoggerListener.log Command line argument: -Dcatalina.base=C:\Program Files\Apache Software Foundation\Tomcat 9.0
19-Oct-2022 18:31:00.471 INFO [main] org.apache.catalina.startup.VersionLoggerListener.log Command line argument: -Djava.io.tmpdir=C:\Program Files\Apache Software Foundation\Tomcat 9.0\temp
19-Oct-2022 18:31:00.471 INFO [main] org.apache.catalina.startup.VersionLoggerListener.log Command line argument: -Djava.util.logging.manager=org.apache.juli.ClassLoaderLogManager
19-Oct-2022 18:31:00.472 INFO [main] org.apache.catalina.startup.VersionLoggerListener.log Command line argument: -Djava.util.logging.config.file=C:\Program Files\Apache Software Foundation\Tomcat 9.0\conf\logging.properties
19-Oct-2022 18:31:00.472 INFO [main] org.apache.catalina.startup.VersionLoggerListener.log Command line argument: --add-opens=java.base/java.lang=ALL-UNNAMED
19-Oct-2022 18:31:00.472 INFO [main] org.apache.catalina.startup.VersionLoggerListener.log Command line argument: --add-opens=java.base/java.io=ALL-UNNAMED
19-Oct-2022 18:31:00.472 INFO [main] org.apache.catalina.startup.VersionLoggerListener.log Command line argument: --add-opens=java.rmi/sun.rmi.transport=ALL-UNNAMED
19-Oct-2022 18:31:00.472 INFO [main] org.apache.catalina.startup.VersionLoggerListener.log Command line argument: exit
19-Oct-2022 18:31:00.472 INFO [main] org.apache.catalina.startup.VersionLoggerListener.log Command line argument: abort
19-Oct-2022 18:31:00.472 INFO [main] org.apache.catalina.startup.VersionLoggerListener.log Command line argument: -Xms128m
19-Oct-2022 18:31:00.473 INFO [main] org.apache.catalina.startup.VersionLoggerListener.log Command line argument: -Xmx256m
19-Oct-2022 18:31:00.479 INFO [main] org.apache.catalina.core.AprLifecycleListener.lifecycleEvent The Apache Tomcat Native library which allows using OpenSSL was not found on the java.library.path: [C:\Program Files\Apache Software Foundation\Tomcat 9.0\bin;C:\Windows\Sun\Java\bin;C:\Windows\system32;C:\Windows;C:\Program Files\Java\jdk-11.0.16.1\bin;C:\Program Files\Java\jdk-11.0.16.1\bin;C:\Program Files\Common Files\Oracle\Java\javapath;C:\Program Files\Python310\Scripts\;C:\Program Files\Python310\;C:\Program Files (x86)\Microsoft SDKs\Azure\CLI2\wbin;C:\Windows\system32;C:\Windows;C:\Windows\System32\Wbem;C:\Windows\System32\WindowsPowerShell\v1.0\;C:\Windows\System32\OpenSSH\;C:\Program Files\Git\cmd;C:\apache-maven-3.8.3\bin;C:\Program Files\Amazon\AWSCLIV2\;C:\sonarqube-9.1.0.47736\bin;C:\opscode\chef-workstation\bin\;C:\Kubectl;C:\ProgramData\chocolatey\bin;C:\Terraform;C:\Program Files\Microsoft VS Code\bin;C:\Program Files\nodejs\;C:\Program Files\Cloud Foundry;C:\Program Files (x86)\Groovy\bin;C:\kafka_2.12-3.2.3\bin;C:\Helm;C:\apache-jmeter-5.4.1\bin;C:\phantomjs-2.1.1-windows\bin;C:\Windows\ServiceProfiles\LocalService\AppData\Local\Microsoft\WindowsApps;.]
19-Oct-2022 18:31:00.762 INFO [main] org.apache.coyote.AbstractProtocol.init Initializing ProtocolHandler ["http-nio-8090"]
19-Oct-2022 18:31:00.789 INFO [main] org.apache.catalina.startup.Catalina.load Server initialization in [614] milliseconds
19-Oct-2022 18:31:00.877 INFO [main] org.apache.catalina.core.StandardService.startInternal Starting service [Catalina]
19-Oct-2022 18:31:00.877 INFO [main] org.apache.catalina.core.StandardEngine.startInternal Starting Servlet engine: [Apache Tomcat/9.0.54]
19-Oct-2022 18:31:00.887 INFO [main] org.apache.catalina.startup.HostConfig.deployDirectory Deploying web application directory [C:\Program Files\Apache Software Foundation\Tomcat 9.0\webapps\docs]
19-Oct-2022 18:31:01.253 WARNING [main] org.apache.catalina.util.SessionIdGeneratorBase.createSecureRandom Creation of SecureRandom instance for session ID generation using [SHA1PRNG] took [114] milliseconds.
19-Oct-2022 18:31:01.295 INFO [main] org.apache.catalina.startup.HostConfig.deployDirectory Deployment of web application directory [C:\Program Files\Apache Software Foundation\Tomcat 9.0\webapps\docs] has finished in [408] ms
19-Oct-2022 18:31:01.296 INFO [main] org.apache.catalina.startup.HostConfig.deployDirectory Deploying web application directory [C:\Program Files\Apache Software Foundation\Tomcat 9.0\webapps\manager]
19-Oct-2022 18:31:01.357 INFO [main] org.apache.catalina.startup.HostConfig.deployDirectory Deployment of web application directory [C:\Program Files\Apache Software Foundation\Tomcat 9.0\webapps\manager] has finished in [61] ms
19-Oct-2022 18:31:01.357 INFO [main] org.apache.catalina.startup.HostConfig.deployDirectory Deploying web application directory [C:\Program Files\Apache Software Foundation\Tomcat 9.0\webapps\ROOT]
19-Oct-2022 18:31:01.399 INFO [main] org.apache.catalina.startup.HostConfig.deployDirectory Deployment of web application directory [C:\Program Files\Apache Software Foundation\Tomcat 9.0\webapps\ROOT] has finished in [42] ms
19-Oct-2022 18:31:01.405 INFO [main] org.apache.coyote.AbstractProtocol.start Starting ProtocolHandler ["http-nio-8090"]
19-Oct-2022 18:31:01.534 INFO [main] org.apache.catalina.startup.Catalina.start Server startup in [744] milliseconds
